1594091568977:say hi hailong
1594091585648:say hi 11
1594091600758:Say hi 111
1594091693488:say-hi alxe
1594091709464:say-hi nihao
1594091738109:say hi aa
1594091743617:say-hi aa
1594091916748:execute-sql 111
1594092072689:sql select * from test wehre id = 5
1594092083588:sql 1
1594092802618:say-hi
1594093560409:say-hi haod
1594094089221:sql aa
1594094106815:executeSql 11
1594094198331:exe-sql 11
1594094324798:exesql 1
1594094358911:exesql select * from
1594094375638:exesql (
1594094406512:exesql （select * from a)
1594094424914:say hi
1594094438882:say-hi 11
1594094451008:exesql baidu.com
1594094516903:exesql 'elect * from '
1594094564216:exesql 'seelct * from baidu.com'
1594094588013:exesql 'select * from test'
1594095131485:exe-sql baidu
1594095138029:exe-sql 1
1594095148782:exesql 1
1594095196336:exesql123 1
1594095202493:exeSql123 1
1594095242201:exesql 11
1594095272574:exesql aa
1594095283890:exe sql baidu.com
1594095301707:exesql 'lee'
1594095314759:exesql ""
1594095328779:exesql 'select * f rom baidu.com '
1594095457964:echo1 1 2 3
1594095481980:Echo1 1 2 3
1594095500024:echo1 4 5 6
1594095527049:echo2 5 6 7
1594098837749:echo2 1 3 8
1594098859390:echo2 --boy   2 3
1594098913158:echo2 1 --boy 2 3
1594099017606:default
1594099036856:default baidu.com
1594099190257:insert
1594099209307:insert 'select * from correct_student_question'
1594099373508:sringSize aa
1594099379258:string-size aa
1594099414964:stringsize 1
1594099428482:string size 1
1594099435743:string-size test
1594099450564:number-range 10
1594102455043:result-handler
1594102607156:run-once
1594102612456:run-again
1594102817367:user
1594102840723:user a
1594102845939:user aaaa
1594102874020:user alex
1594102996745:command1
1594103002865:comand2
1594103032468:help
1594103099740:clear
1594103108801:help
1594103116986:exit
1594106806603:say-hi aa
1594106878558:say-hi nihao
1594107929605:say-hi
1594107936936:say-hi count
1594109787981:mark-query
1594109797202:mark qeury
1594109854280:mark-query
1594109874849:mark query
1594109918997:mark-query
1594109964450:mark-query 'SELECT * FROM `correct_student_paper` p WHERE p.`exe_id` = 40550'
1594110280070:mark-qeury 'SELECT * FROM `correct_student_paper` p WHERE p.`exe_id` = 40550'
1594110309389:mark-query 'SELECT * FROM `correct_student_paper` p WHERE p.`exe_id` = 40550'
1594110426862:mark-u ''
1594110443272:mark-u 'UPDATE `check_task_monitor_config` c SET c.`config_type` = 2 WHERE c.id = 11'
1594110941368:mysql-u 'UPDATE `check_task_monitor_config` c SET c.`config_type` = 10 WHERE c.id = 11'
1594110981634:mark-u ''
1594110993727:mysql -u 'UPDATE `check_task_monitor_config` c SET c.`config_type` = 2 WHERE c.id = 11'
1594111010047:mark-u 'UPDATE `check_task_monitor_config` c SET c.`config_type` = 2 WHERE c.id = 11'
1594111402517:mark-u 'UPDATE `check_task_monitor_config` c SET c.`config_type` = 33 WHERE c.id = 11'
1594111502476:mark-i 'INSERT INTO `mark_dev`.`check_task_monitor_config`(`config_name`, `config_remark`, `config_type`) VALUES (11, '集体-4', '集体-4', 44)'
1594111563098:mark-i 'INSERT INTO `check_task_monitor_config`(`config_name`, `config_remark`, `config_type`) VALUES ('集体-4', '集体-4', 44)'
1594111674807:mark-i 'INSERT INTO `mark_dev`.`check_task_monitor_config`(`config_name`, `config_remark`, `config_type`) VALUES ('集体-4', '集体-4', 44)'
1594111713944:stacktrace mark-i 'INSERT INTO `mark_dev`.`check_task_monitor_config`(`config_name`, `config_remark`, `config_type`) VALUES ('集体-4', '集体-4', 44)'
1594111882813:mysql-u 'select * from correct_question_task t order by t.id desc limit 1'
1594111980329:mysql-q 'select * from correct_student_quesiton order by id desc limit 1'
1594112013047:msyql-q ' SELECT * FROM `correct_batch` b WHERE b.`id` = 40550'
1594112059041:mysql-q 'SELECT * FROM correct_batch b WHERE b.id = 40550'
1594112087673:mysql-u 'update `check_task_monitor_config` c set c.`config_type` = 66 where c.id = 11'
1594112144827:mysql-i 'INSERT INTO check_task_monitor_config(config_name, config_remark, config_type) VALUES ('集体-4', '集体-4', 44)'
1594112181141:mysql-i "INSERT INTO check_task_monitor_config(config_name, config_remark, config_type) VALUES ('集体-4', '集体-4', 44)"
1594112221784:mysql-q "SELECT * FROM `correct_student_paper` p WHERE p.`exe_id` = 40550"
1594112255752:mysql-u "update `check_task_monitor_config` c set c.`config_type` = 99 where c.id = 11"
1594112296892:mysql-i "INSERT INTO `check_task_monitor_config`(`config_name`, `config_remark`, `config_type`) VALUES ('集体-4', '集体-4', 44)"
1594114645458:mysql-q "SELECT * FROM `correct_student_paper` p WHERE p.`exe_id` = 40550"
1594114798971:msyql-u "update `check_task_monitor_config` c set c.`config_type` = 66 where c.id = 11"
1594114821361:mysql-u "update `check_task_monitor_config` c set c.`config_type` = 66 where c.id = 11"
1594114863644:mysql-i "INSERT INTO `check_task_monitor_config`(`config_name`, `config_remark`, `config_type`) VALUES ('集体-7', '集体-7', 77)"
1594115107774:help
1594115323998:user alex
1594115427414:result-handler
